{
  "RSpec": {
    "coverage": {
      "/home/victory1154/TrailSmith-api/TrailSmith-api/require_app.rb": {
        "lines": [
          null,
          null,
          null,
          null,
          null,
          null,
          null,
          null,
          1,
          10,
          2,
          null,
          2,
          80,
          null,
          null
        ]
      },
      "/home/victory1154/TrailSmith-api/TrailSmith-api/config/environment.rb": {
        "lines": [
          null,
          null,
          1,
          1,
          1,
          1,
          1,
          null,
          null,
          1,
          null,
          1,
          1,
          null,
          null,
          1,
          null,
          null,
          null,
          1,
          1,
          null,
          1,
          0,
          0,
          0,
          null,
          null,
          null,
          1,
          1,
          1,
          null,
          null,
          null,
          1,
          1,
          null,
          null,
          1,
          0,
          0,
          null,
          null,
          null,
          1,
          1,
          2,
          null,
          null,
          null,
          1,
          1,
          1,
          null,
          null,
          1,
          1,
          null,
          null,
          null
        ]
      },
      "/home/victory1154/TrailSmith-api/TrailSmith-api/app/domain/plans/entities/plan.rb": {
        "lines": [
          null,
          null,
          1,
          1,
          1,
          1,
          null,
          1,
          1,
          null,
          1,
          1,
          null,
          1,
          1,
          1,
          1,
          1,
          1,
          null,
          1,
          0,
          null,
          null,
          1,
          2,
          null,
          null,
          null,
          null
        ]
      },
      "/home/victory1154/TrailSmith-api/TrailSmith-api/app/domain/plans/entities/spot.rb": {
        "lines": [
          null,
          null,
          1,
          1,
          1,
          1,
          1,
          null,
          1,
          1,
          null,
          1,
          1,
          null,
          1,
          1,
          1,
          1,
          1,
          1,
          1,
          1,
          1,
          null,
          1,
          0,
          null,
          null,
          1,
          null,
          1,
          4,
          1,
          null,
          null,
          1,
          1,
          1,
          null,
          null,
          1,
          null,
          1,
          4,
          null,
          null,
          1,
          5,
          null,
          null,
          1,
          null,
          0,
          null,
          null,
          null,
          null,
          null,
          null
        ]
      },
      "/home/victory1154/TrailSmith-api/TrailSmith-api/app/domain/plans/entities/report.rb": {
        "lines": [
          null,
          null,
          1,
          1,
          null,
          1,
          1,
          null,
          1,
          1,
          null,
          1,
          1,
          1,
          1,
          null,
          1,
          null,
          4,
          null,
          null,
          null,
          null,
          4,
          4,
          null,
          null,
          1,
          null,
          4,
          null,
          null,
          4,
          4,
          4,
          null,
          null,
          1,
          40,
          null,
          null,
          null,
          null
        ]
      },
      "/home/victory1154/TrailSmith-api/TrailSmith-api/app/domain/plans/values/fun.rb": {
        "lines": [
          null,
          null,
          1,
          1,
          null,
          1,
          1,
          1,
          null,
          1,
          null,
          1,
          1,
          null,
          null,
          1,
          0,
          null,
          null,
          1,
          0,
          null,
          null,
          1,
          0,
          null,
          null,
          1,
          0,
          null,
          null,
          null,
          null
        ]
      },
      "/home/victory1154/TrailSmith-api/TrailSmith-api/app/domain/plans/values/popular.rb": {
        "lines": [
          null,
          null,
          1,
          1,
          null,
          1,
          1,
          1,
          null,
          1,
          null,
          1,
          1,
          null,
          null,
          1,
          0,
          null,
          null,
          1,
          0,
          null,
          null,
          1,
          0,
          null,
          null,
          1,
          0,
          null,
          null,
          null,
          null
        ]
      },
      "/home/victory1154/TrailSmith-api/TrailSmith-api/app/domain/plans/values/route.rb": {
        "lines": [
          null,
          null,
          1,
          1,
          1,
          null,
          1,
          1,
          null,
          1,
          1,
          null,
          1,
          1,
          1,
          1,
          1,
          1,
          1,
          1,
          1,
          null,
          1,
          3,
          null,
          null,
          1,
          null,
          null,
          null,
          null,
          null,
          null,
          null,
          1,
          0,
          null,
          null,
          0,
          0,
          null,
          null,
          null,
          null
        ]
      },
      "/home/victory1154/TrailSmith-api/TrailSmith-api/app/domain/plans/values/tiredness.rb": {
        "lines": [
          null,
          null,
          1,
          1,
          null,
          1,
          1,
          1,
          null,
          1,
          null,
          1,
          0,
          null,
          null,
          1,
          0,
          null,
          null,
          1,
          0,
          null,
          null,
          1,
          0,
          null,
          null,
          1,
          0,
          null,
          null,
          null,
          null
        ]
      },
      "/home/victory1154/TrailSmith-api/TrailSmith-api/app/domain/wishs/entities/wish.rb": {
        "lines": [
          null,
          null,
          1,
          1,
          null,
          1,
          1,
          null,
          1,
          1,
          null,
          1,
          null,
          null,
          null
        ]
      },
      "/home/victory1154/TrailSmith-api/TrailSmith-api/app/infrastructure/cache/redis_cache.rb": {
        "lines": [
          null,
          null,
          1,
          null,
          1,
          1,
          null,
          1,
          1,
          0,
          null,
          null,
          1,
          0,
          null,
          null,
          1,
          0,
          null,
          null,
          null,
          null
        ]
      },
      "/home/victory1154/TrailSmith-api/TrailSmith-api/app/infrastructure/database/orm/plan_orm.rb": {
        "lines": [
          null,
          null,
          1,
          null,
          1,
          1,
          null,
          1,
          1,
          null,
          null,
          null,
          null,
          1,
          null,
          null,
          null,
          null,
          1,
          null,
          4,
          null,
          null,
          null,
          null,
          4,
          null,
          null,
          null,
          null,
          null,
          null,
          1,
          null,
          null,
          null
        ]
      },
      "/home/victory1154/TrailSmith-api/TrailSmith-api/app/infrastructure/database/orm/report_orm.rb": {
        "lines": [
          null,
          null,
          1,
          null,
          1,
          1,
          null,
          1,
          1,
          null,
          null,
          1,
          null,
          null,
          null
        ]
      },
      "/home/victory1154/TrailSmith-api/TrailSmith-api/app/infrastructure/database/orm/route_orm.rb": {
        "lines": [
          null,
          null,
          1,
          null,
          1,
          1,
          null,
          1,
          1,
          null,
          null,
          1,
          null,
          null,
          null
        ]
      },
      "/home/victory1154/TrailSmith-api/TrailSmith-api/app/infrastructure/database/orm/spot_orm.rb": {
        "lines": [
          null,
          null,
          1,
          null,
          1,
          1,
          null,
          1,
          1,
          null,
          null,
          null,
          null,
          1,
          null,
          null,
          null,
          1,
          null,
          null,
          null
        ]
      },
      "/home/victory1154/TrailSmith-api/TrailSmith-api/app/infrastructure/database/repositories/for.rb": {
        "lines": [
          null,
          null,
          1,
          1,
          1,
          1,
          null,
          1,
          1,
          null,
          1,
          null,
          1,
          null,
          null,
          null,
          null,
          null,
          1,
          2,
          null,
          null,
          1,
          9,
          null,
          null,
          null,
          null
        ]
      },
      "/home/victory1154/TrailSmith-api/TrailSmith-api/app/infrastructure/database/repositories/spots.rb": {
        "lines": [
          null,
          null,
          1,
          null,
          1,
          1,
          1,
          1,
          0,
          null,
          null,
          1,
          1,
          1,
          null,
          null,
          1,
          0,
          null,
          null,
          1,
          0,
          0,
          null,
          null,
          null,
          1,
          2,
          null,
          1,
          1,
          5,
          null,
          null,
          1,
          null,
          null,
          1,
          1,
          null,
          1,
          1,
          null,
          5,
          null,
          1,
          null,
          null,
          null,
          null
        ]
      },
      "/home/victory1154/TrailSmith-api/TrailSmith-api/app/infrastructure/database/repositories/reports.rb": {
        "lines": [
          null,
          null,
          1,
          null,
          1,
          1,
          null,
          1,
          1,
          0,
          null,
          null,
          1,
          5,
          5,
          null,
          null,
          1,
          15,
          null,
          10,
          null,
          null,
          1,
          5,
          null,
          5,
          5,
          null,
          null,
          null,
          null
        ]
      },
      "/home/victory1154/TrailSmith-api/TrailSmith-api/app/infrastructure/database/repositories/plans.rb": {
        "lines": [
          null,
          null,
          1,
          1,
          null,
          1,
          1,
          1,
          1,
          0,
          null,
          null,
          1,
          2,
          2,
          2,
          0,
          null,
          2,
          null,
          null,
          1,
          1,
          null,
          null,
          1,
          2,
          1,
          null,
          null,
          null,
          1,
          3,
          null,
          0,
          0,
          0,
          0,
          null,
          null,
          1,
          0,
          0,
          null,
          null,
          null,
          1,
          0,
          0,
          null,
          null,
          null,
          1,
          2,
          null,
          2,
          null,
          2,
          0,
          null,
          0,
          null,
          null,
          1,
          2,
          4,
          4,
          null,
          2,
          2,
          null,
          null,
          4,
          null,
          null,
          null,
          1,
          2,
          null,
          2,
          10,
          null,
          null,
          null,
          1,
          0,
          0,
          null,
          null,
          null,
          null,
          null
        ]
      },
      "/home/victory1154/TrailSmith-api/TrailSmith-api/app/infrastructure/database/repositories/routes.rb": {
        "lines": [
          null,
          null,
          1,
          null,
          1,
          1,
          null,
          1,
          1,
          0,
          null,
          null,
          1,
          1,
          null,
          1,
          null,
          null,
          1,
          2,
          null,
          1,
          null,
          null,
          1,
          1,
          null,
          1,
          1,
          null,
          null,
          null,
          null
        ]
      },
      "/home/victory1154/TrailSmith-api/TrailSmith-api/app/infrastructure/gpt/gateways/openai_api.rb": {
        "lines": [
          null,
          null,
          1,
          null,
          1,
          1,
          null,
          1,
          1,
          5,
          null,
          null,
          1,
          11,
          11,
          null,
          null,
          10,
          null,
          null,
          1,
          11,
          11,
          11,
          null,
          null,
          null,
          null,
          1,
          1,
          null,
          1,
          11,
          null,
          null,
          1,
          11,
          11,
          null,
          null,
          1,
          null,
          1,
          null,
          11,
          null,
          null,
          null,
          null,
          1,
          null,
          11,
          null,
          null,
          null,
          null,
          null,
          null,
          null,
          null,
          null,
          1,
          1,
          1,
          1,
          null,
          1,
          null,
          1,
          11,
          null,
          null,
          1,
          1,
          null,
          null,
          1,
          10,
          null,
          null,
          1,
          0,
          null,
          null,
          null,
          1,
          11,
          10,
          null,
          null,
          1,
          null,
          1,
          1,
          1,
          null,
          null,
          1,
          1,
          null,
          null,
          1,
          0,
          null,
          null,
          null,
          null,
          null
        ]
      },
      "/home/victory1154/TrailSmith-api/TrailSmith-api/app/infrastructure/gpt/mappers/openai_mapper.rb": {
        "lines": [
          null,
          null,
          1,
          1,
          null,
          1,
          1,
          5,
          5,
          5,
          null,
          null,
          1,
          11,
          10,
          null,
          null,
          1,
          10,
          null,
          null,
          null,
          1,
          1,
          null,
          null,
          null,
          null,
          null,
          null,
          null,
          null,
          null,
          null,
          null,
          null,
          null,
          null,
          null,
          null,
          null,
          null,
          null,
          null,
          null,
          null,
          null,
          null,
          null,
          null,
          null,
          null,
          null,
          null,
          null,
          null,
          null,
          null,
          null,
          null,
          null,
          1,
          null,
          null,
          null,
          null,
          null,
          1,
          1,
          10,
          null,
          null,
          1,
          10,
          10,
          10,
          null,
          null,
          1,
          null,
          1,
          10,
          null,
          10,
          null,
          null,
          10,
          10,
          null,
          10,
          null,
          null,
          null,
          null,
          null,
          null
        ]
      },
      "/home/victory1154/TrailSmith-api/TrailSmith-api/app/infrastructure/maps/gateways/maps_api.rb": {
        "lines": [
          null,
          null,
          1,
          null,
          1,
          1,
          null,
          1,
          1,
          16,
          null,
          null,
          1,
          16,
          null,
          null,
          null,
          1,
          1,
          16,
          null,
          null,
          1,
          16,
          16,
          16,
          null,
          null,
          1,
          16,
          16,
          null,
          null,
          null,
          16,
          16,
          null,
          null,
          null,
          null,
          null,
          1,
          1,
          1,
          1,
          null,
          null,
          1,
          null,
          null,
          null,
          null,
          1,
          16,
          null,
          null,
          1,
          2,
          null,
          null,
          null,
          null,
          null,
          null,
          null,
          null,
          null,
          null
        ]
      },
      "/home/victory1154/TrailSmith-api/TrailSmith-api/app/infrastructure/maps/gateways/route.rb": {
        "lines": [
          null,
          null,
          1,
          null,
          1,
          1,
          null,
          1,
          1,
          35,
          null,
          null,
          1,
          7,
          null,
          null,
          1,
          28,
          null,
          null,
          null,
          1,
          1,
          35,
          35,
          35,
          35,
          null,
          null,
          null,
          1,
          7,
          7,
          7,
          7,
          null,
          null,
          1,
          28,
          null,
          null,
          1,
          42,
          null,
          0,
          null,
          null,
          1,
          7,
          null,
          0,
          null,
          null,
          1,
          7,
          null,
          0,
          null,
          null,
          null,
          null,
          1,
          1,
          1,
          1,
          null,
          null,
          1,
          null,
          null,
          null,
          1,
          0,
          null,
          null,
          null,
          null,
          null
        ]
      },
      "/home/victory1154/TrailSmith-api/TrailSmith-api/app/infrastructure/maps/mappers/plan_mapper.rb": {
        "lines": [
          null,
          null,
          1,
          1,
          1,
          null,
          1,
          1,
          null,
          1,
          1,
          4,
          4,
          null,
          null,
          1,
          4,
          4,
          null,
          null,
          null,
          null,
          null,
          null,
          null,
          null,
          null,
          1,
          7,
          null,
          null,
          1,
          3,
          6,
          null,
          null,
          null,
          1,
          13,
          null,
          null,
          1,
          null,
          1,
          4,
          10,
          null,
          null,
          null,
          null,
          null
        ]
      },
      "/home/victory1154/TrailSmith-api/TrailSmith-api/app/infrastructure/maps/mappers/spot_mapper.rb": {
        "lines": [
          null,
          null,
          1,
          null,
          1,
          1,
          null,
          1,
          1,
          16,
          null,
          null,
          1,
          16,
          14,
          null,
          null,
          null,
          1,
          1,
          14,
          14,
          null,
          null,
          1,
          14,
          null,
          null,
          null,
          null,
          null,
          null,
          null,
          null,
          null,
          null,
          1,
          14,
          null,
          14,
          70,
          null,
          null,
          null,
          null,
          null,
          null,
          null,
          null,
          1,
          28,
          null,
          null,
          null,
          null,
          1,
          1,
          28,
          28,
          28,
          null,
          null,
          1,
          28,
          28,
          null,
          null,
          null,
          null,
          null
        ]
      },
      "/home/victory1154/TrailSmith-api/TrailSmith-api/app/infrastructure/maps/mappers/route_mapper.rb": {
        "lines": [
          null,
          null,
          1,
          1,
          null,
          1,
          1,
          7,
          7,
          7,
          null,
          null,
          1,
          7,
          7,
          7,
          null,
          null,
          1,
          7,
          null,
          null,
          null,
          1,
          1,
          null,
          1,
          7,
          7,
          7,
          7,
          null,
          null,
          1,
          7,
          null,
          null,
          null,
          null,
          null,
          null,
          null,
          null,
          null,
          null,
          1,
          null,
          1,
          7,
          null,
          null,
          1,
          7,
          null,
          null,
          1,
          7,
          null,
          null,
          1,
          7,
          null,
          null,
          1,
          7,
          null,
          null,
          null,
          null,
          null
        ]
      },
      "/home/victory1154/TrailSmith-api/TrailSmith-api/app/presentation/representers/http_response_representer.rb": {
        "lines": [
          null,
          null,
          1,
          1,
          null,
          1,
          1,
          null,
          null,
          null,
          null,
          null,
          1,
          1,
          null,
          1,
          1,
          null,
          1,
          null,
          null,
          null,
          null,
          null,
          null,
          null,
          null,
          null,
          null,
          null,
          null,
          null,
          null,
          1,
          1,
          null,
          null,
          null,
          null
        ]
      },
      "/home/victory1154/TrailSmith-api/TrailSmith-api/app/presentation/representers/plan_representer.rb": {
        "lines": [
          null,
          null,
          1,
          1,
          1,
          1,
          1,
          null,
          1,
          1,
          null,
          1,
          1,
          null,
          1,
          1,
          1,
          1,
          1,
          null,
          null,
          null
        ]
      },
      "/home/victory1154/TrailSmith-api/TrailSmith-api/app/presentation/representers/spot_representer.rb": {
        "lines": [
          null,
          null,
          1,
          1,
          1,
          1,
          null,
          1,
          1,
          null,
          1,
          1,
          null,
          1,
          1,
          1,
          1,
          1,
          1,
          1,
          1,
          1,
          1,
          1,
          1,
          null,
          null,
          null
        ]
      },
      "/home/victory1154/TrailSmith-api/TrailSmith-api/app/presentation/representers/report_representer.rb": {
        "lines": [
          null,
          null,
          1,
          1,
          null,
          1,
          1,
          null,
          1,
          1,
          null,
          1,
          1,
          1,
          1,
          1,
          null,
          null,
          null
        ]
      },
      "/home/victory1154/TrailSmith-api/TrailSmith-api/app/presentation/representers/route_representer.rb": {
        "lines": [
          null,
          null,
          1,
          1,
          null,
          1,
          1,
          null,
          1,
          1,
          null,
          1,
          1,
          1,
          1,
          1,
          1,
          1,
          1,
          null,
          null,
          null
        ]
      },
      "/home/victory1154/TrailSmith-api/TrailSmith-api/app/presentation/representers/plans_representer.rb": {
        "lines": [
          null,
          null,
          1,
          1,
          1,
          null,
          1,
          null,
          1,
          1,
          null,
          1,
          1,
          null,
          1,
          null,
          null,
          null,
          null
        ]
      },
      "/home/victory1154/TrailSmith-api/TrailSmith-api/app/presentation/responses/api_result.rb": {
        "lines": [
          null,
          null,
          1,
          1,
          1,
          null,
          null,
          null,
          1,
          null,
          null,
          null,
          null,
          1,
          null,
          null,
          1,
          1,
          6,
          null,
          5,
          null,
          null,
          null,
          null
        ]
      },
      "/home/victory1154/TrailSmith-api/TrailSmith-api/app/presentation/responses/plans_list.rb": {
        "lines": [
          null,
          null,
          1,
          1,
          null,
          1,
          null,
          null
        ]
      },
      "/home/victory1154/TrailSmith-api/TrailSmith-api/app/application/controllers/app.rb": {
        "lines": [
          null,
          null,
          1,
          1,
          1,
          1,
          null,
          1,
          null,
          1,
          1,
          1,
          1,
          null,
          1,
          1,
          null,
          null,
          1,
          1,
          null,
          1,
          null,
          null,
          null,
          1,
          1,
          null,
          0,
          0,
          0,
          null,
          null,
          null,
          null,
          null,
          null,
          0,
          0,
          null,
          0,
          0,
          0,
          null,
          null,
          0,
          0,
          0,
          null,
          null,
          null,
          0,
          null,
          0,
          0,
          0,
          null,
          0,
          0,
          0,
          null,
          null,
          0,
          0,
          0,
          null,
          null,
          null,
          null,
          0,
          0,
          0,
          0,
          null,
          0,
          null,
          0,
          0,
          0,
          null,
          null,
          0,
          0,
          0,
          null,
          null,
          null,
          null,
          null,
          null,
          null,
          null,
          null,
          null,
          null,
          null,
          null,
          null,
          null,
          null,
          null,
          null,
          null,
          null,
          null,
          null,
          null,
          null,
          null,
          null,
          null,
          null,
          null,
          null,
          null,
          null,
          null,
          null,
          null,
          null,
          null,
          null,
          null,
          null,
          null,
          null,
          null,
          null,
          null,
          null,
          null,
          null,
          null,
          null,
          null,
          null,
          null,
          null,
          null,
          null,
          null,
          null,
          null,
          null,
          null,
          null,
          null,
          null,
          null,
          null
        ]
      },
      "/home/victory1154/TrailSmith-api/TrailSmith-api/app/application/requests/plan_list.rb": {
        "lines": [
          null,
          null,
          1,
          1,
          1,
          null,
          1,
          1,
          null,
          1,
          1,
          null,
          1,
          3,
          null,
          null,
          null,
          1,
          3,
          null,
          null,
          null,
          0,
          null,
          null,
          null,
          null,
          null,
          null,
          null,
          null,
          1,
          3,
          null,
          null,
          null,
          null,
          1,
          3,
          null,
          null,
          null,
          1,
          3,
          null,
          null,
          null,
          null
        ]
      },
      "/home/victory1154/TrailSmith-api/TrailSmith-api/app/application/services/create_location.rb": {
        "lines": [
          null,
          null,
          1,
          null,
          1,
          1,
          null,
          1,
          1,
          null,
          1,
          1,
          1,
          1,
          1,
          null,
          1,
          null,
          1,
          1,
          1,
          1,
          1,
          1,
          1,
          null,
          0,
          null,
          null,
          null,
          1,
          1,
          null,
          null,
          null,
          1,
          1,
          null,
          0,
          null,
          null,
          0,
          null,
          null,
          1,
          1,
          0,
          null,
          0,
          0,
          null,
          0,
          null,
          null,
          1,
          null,
          null,
          1,
          0,
          null,
          null,
          null,
          0,
          null,
          0,
          null,
          null,
          1,
          0,
          0,
          null,
          0,
          null,
          0,
          null,
          0,
          null,
          null,
          null,
          null,
          null
        ]
      },
      "/home/victory1154/TrailSmith-api/TrailSmith-api/app/application/services/find_plan.rb": {
        "lines": [
          null,
          null,
          1,
          null,
          1,
          1,
          null,
          1,
          1,
          null,
          1,
          null,
          1,
          null,
          1,
          1,
          null,
          1,
          0,
          0,
          0,
          null,
          0,
          null,
          null,
          0,
          null,
          null,
          null,
          null
        ]
      },
      "/home/victory1154/TrailSmith-api/TrailSmith-api/app/application/services/google_maps_proxy.rb": {
        "lines": [
          null,
          null,
          1,
          1,
          null,
          1,
          1,
          null,
          1,
          1,
          null,
          1,
          1,
          1,
          null,
          1,
          null,
          1,
          1,
          1,
          1,
          null,
          0,
          null,
          null,
          null,
          null,
          1,
          1,
          0,
          null,
          0,
          null,
          null,
          null,
          null,
          1,
          0,
          0,
          0,
          null,
          0,
          null,
          null,
          0,
          null,
          null,
          null,
          null,
          null,
          null
        ]
      },
      "/home/victory1154/TrailSmith-api/TrailSmith-api/app/application/services/list_plans.rb": {
        "lines": [
          null,
          null,
          1,
          null,
          1,
          1,
          null,
          1,
          1,
          null,
          1,
          1,
          null,
          1,
          null,
          1,
          null,
          null,
          1,
          2,
          2,
          2,
          null,
          0,
          null,
          null,
          null,
          1,
          2,
          2,
          2,
          2,
          null,
          0,
          null,
          null,
          null,
          null,
          null,
          null
        ]
      },
      "/home/victory1154/TrailSmith-api/TrailSmith-api/spec/helpers/vcr_helper.rb": {
        "lines": [
          null,
          null,
          1,
          1,
          null,
          null,
          1,
          1,
          1,
          null,
          1,
          7,
          7,
          7,
          null,
          null,
          null,
          1,
          14,
          1993,
          1993,
          null,
          null,
          14,
          null,
          null,
          null,
          null,
          null,
          null,
          null,
          1,
          11,
          null,
          null
        ]
      },
      "/home/victory1154/TrailSmith-api/TrailSmith-api/spec/helpers/database_helper.rb": {
        "lines": [
          null,
          null,
          null,
          1,
          1,
          11,
          null,
          11,
          11,
          11,
          11,
          11,
          11,
          null,
          null
        ]
      },
      "/home/victory1154/TrailSmith-api/TrailSmith-api/spec/tests/integration/layers/domain_plan_spec.rb": {
        "lines": [
          null,
          null,
          1,
          1,
          1,
          null,
          1,
          1,
          null,
          1,
          1,
          1,
          null,
          null,
          1,
          1,
          null,
          null,
          1,
          1,
          1,
          1,
          null,
          1,
          1,
          1,
          null,
          1,
          1,
          1,
          null,
          null
        ]
      },
      "/home/victory1154/TrailSmith-api/TrailSmith-api/spec/tests/integration/layers/gateway_database_spec.rb": {
        "lines": [
          null,
          null,
          1,
          1,
          1,
          null,
          1,
          1,
          null,
          1,
          4,
          null,
          null,
          1,
          4,
          null,
          null,
          1,
          1,
          4,
          null,
          null,
          1,
          1,
          null,
          1,
          5,
          5,
          null,
          null,
          null,
          1,
          1,
          1,
          1,
          1,
          null,
          1,
          null,
          null,
          1,
          1,
          1,
          null,
          1,
          null,
          1,
          5,
          null,
          null,
          null,
          1,
          1,
          1,
          null,
          0,
          null,
          0,
          0,
          null,
          null,
          0,
          0,
          null,
          null,
          null,
          null
        ]
      },
      "/home/victory1154/TrailSmith-api/TrailSmith-api/spec/tests/integration/layers/gateway_maps_spec.rb": {
        "lines": [
          null,
          null,
          1,
          1,
          null,
          1,
          1,
          null,
          1,
          3,
          null,
          null,
          1,
          3,
          null,
          null,
          1,
          1,
          1,
          1,
          1,
          1,
          1,
          1,
          null,
          null,
          1,
          5,
          5,
          5,
          null,
          null,
          null,
          1,
          1,
          1,
          null,
          null,
          null,
          1,
          1,
          1,
          null,
          null,
          null,
          null
        ]
      },
      "/home/victory1154/TrailSmith-api/TrailSmith-api/spec/tests/integration/layers/gateway_openai_spec.rb": {
        "lines": [
          null,
          null,
          1,
          1,
          null,
          1,
          1,
          1,
          1,
          null,
          188,
          188,
          null,
          null,
          1,
          2,
          null,
          null,
          null,
          null,
          1,
          2,
          null,
          null,
          1,
          1,
          1,
          1,
          1,
          1,
          1,
          1,
          null,
          null,
          1,
          1,
          null,
          1,
          1,
          null,
          null,
          null,
          null
        ]
      },
      "/home/victory1154/TrailSmith-api/TrailSmith-api/spec/helpers/spec_helper_openai.rb": {
        "lines": [
          null,
          null,
          1,
          1,
          null,
          1,
          1,
          1,
          1,
          1,
          null,
          1,
          1,
          null,
          1,
          1,
          1,
          1,
          1,
          null,
          1,
          1,
          null,
          1,
          1,
          1,
          188,
          188,
          null
        ]
      },
      "/home/victory1154/TrailSmith-api/TrailSmith-api/spec/tests/integration/services/create_location_spec.rb": {
        "lines": [
          null,
          null,
          1,
          1,
          1,
          null,
          1,
          null,
          1,
          1,
          null,
          1,
          1,
          null,
          null,
          1,
          1,
          null,
          null,
          1,
          1,
          1,
          null,
          null,
          1,
          null,
          null,
          null,
          null,
          null,
          1,
          1,
          null,
          null,
          1,
          0,
          0,
          null,
          null,
          null,
          null,
          null,
          null,
          null,
          null,
          null,
          null,
          null,
          null,
          null,
          null,
          null,
          null,
          null,
          null,
          null,
          null,
          null,
          null,
          null,
          null,
          null,
          null,
          null,
          null,
          null,
          null,
          null,
          null,
          null,
          null,
          null
        ]
      },
      "/home/victory1154/TrailSmith-api/TrailSmith-api/spec/tests/integration/services/google_maps_proxy_spec.rb": {
        "lines": [
          null,
          null,
          1,
          1,
          1,
          null,
          1,
          null,
          1,
          1,
          null,
          1,
          1,
          null,
          null,
          1,
          1,
          null,
          null,
          1,
          1,
          1,
          null,
          null,
          1,
          null,
          1,
          null,
          null,
          1,
          null,
          null,
          0,
          0,
          0,
          null,
          null,
          null
        ]
      },
      "/home/victory1154/TrailSmith-api/TrailSmith-api/spec/tests/integration/services/list_plans_spec.rb": {
        "lines": [
          null,
          null,
          1,
          1,
          1,
          null,
          1,
          null,
          1,
          1,
          null,
          1,
          3,
          null,
          null,
          1,
          3,
          null,
          null,
          1,
          1,
          3,
          null,
          null,
          1,
          null,
          1,
          null,
          null,
          1,
          null,
          null,
          null,
          0,
          0,
          null,
          null,
          null,
          null,
          0,
          0,
          0,
          null,
          null,
          1,
          null,
          1,
          null,
          null,
          1,
          null,
          null,
          null,
          null,
          1,
          1,
          1,
          null,
          null,
          1,
          null,
          1,
          null,
          null,
          1,
          null,
          null,
          null,
          null,
          1,
          1,
          1,
          null,
          null,
          null
        ]
      },
      "/home/victory1154/TrailSmith-api/TrailSmith-api/spec/tests/unit/result_spec.rb": {
        "lines": [
          null,
          null,
          1,
          null,
          1,
          1,
          1,
          null,
          1,
          1,
          null,
          null,
          1,
          1,
          null,
          1,
          1,
          null,
          null,
          1,
          1,
          1,
          null,
          null,
          null
        ]
      }
    },
    "timestamp": 1734539121
  }
}
